TN:
SF:src\core\config\prisma.ts
FNF:0
FNH:0
DA:1,2
DA:3,2
LF:2
LH:2
BRF:0
BRH:0
end_of_record
TN:
SF:src\core\domain\entities\user.ts
FN:35,(anonymous_0)
FNF:1
FNH:0
FNDA:0,(anonymous_0)
DA:19,0
DA:33,0
DA:48,0
DA:49,0
DA:50,0
DA:51,0
DA:52,0
DA:53,0
DA:54,0
DA:55,0
DA:56,0
DA:57,0
DA:58,0
LF:13
LH:0
BRF:0
BRH:0
end_of_record
TN:
SF:src\core\http\server.ts
FNF:0
FNH:0
DA:1,0
DA:4,0
DA:5,0
DA:6,0
DA:7,0
DA:8,0
DA:9,0
DA:10,0
DA:11,0
DA:12,0
DA:14,0
DA:16,0
DA:17,0
DA:18,0
DA:21,0
DA:22,0
DA:23,0
DA:24,0
DA:25,0
DA:27,0
DA:29,0
DA:30,0
DA:31,0
DA:33,0
DA:34,0
LF:25
LH:0
BRDA:27,0,0,0
BRDA:27,0,1,0
BRF:2
BRH:0
end_of_record
TN:
SF:src\core\http\plugins\auth.ts
FN:6,(anonymous_1)
FN:8,(anonymous_2)
FNF:2
FNH:0
FNDA:0,(anonymous_1)
FNDA:0,(anonymous_2)
DA:1,0
DA:2,0
DA:6,0
DA:7,0
DA:8,0
DA:9,0
LF:6
LH:0
BRF:0
BRH:0
end_of_record
TN:
SF:src\core\http\plugins\prisma.ts
FN:10,(anonymous_1)
FN:15,(anonymous_2)
FNF:2
FNH:0
FNDA:0,(anonymous_1)
FNDA:0,(anonymous_2)
DA:1,0
DA:2,0
DA:10,0
DA:11,0
DA:12,0
DA:14,0
DA:15,0
DA:16,0
LF:8
LH:0
BRF:0
BRH:0
end_of_record
TN:
SF:src\core\http\plugins\security.ts
FN:7,(anonymous_1)
FNF:1
FNH:0
FNDA:0,(anonymous_1)
DA:1,0
DA:2,0
DA:3,0
DA:4,0
DA:5,0
DA:7,0
DA:8,0
DA:9,0
DA:10,0
DA:11,0
LF:10
LH:0
BRF:0
BRH:0
end_of_record
TN:
SF:src\core\http\plugins\zodValidator.ts
FN:4,(anonymous_1)
FN:5,(anonymous_2)
FN:6,(anonymous_3)
FN:12,(anonymous_4)
FN:12,(anonymous_5)
FNF:5
FNH:3
FNDA:1,(anonymous_1)
FNDA:6,(anonymous_2)
FNDA:11,(anonymous_3)
FNDA:0,(anonymous_4)
FNDA:0,(anonymous_5)
DA:1,1
DA:4,1
DA:5,1
DA:6,6
DA:7,11
DA:8,11
DA:12,1
LF:7
LH:7
BRDA:8,0,0,11
BRDA:8,0,1,0
BRF:2
BRH:1
end_of_record
TN:
SF:src\modules\health\health.routes.ts
FN:3,routes
FN:4,(anonymous_1)
FNF:2
FNH:0
FNDA:0,routes
FNDA:0,(anonymous_1)
DA:3,0
DA:4,0
LF:2
LH:0
BRF:0
BRH:0
end_of_record
TN:
SF:src\modules\note\note.controller.ts
FN:12,(anonymous_0)
FN:27,(anonymous_1)
FN:47,(anonymous_2)
FN:63,(anonymous_3)
FN:84,(anonymous_4)
FNF:5
FNH:0
FNDA:0,(anonymous_0)
FNDA:0,(anonymous_1)
FNDA:0,(anonymous_2)
FNDA:0,(anonymous_3)
FNDA:0,(anonymous_4)
DA:4,0
DA:10,0
DA:13,0
DA:14,0
DA:16,0
DA:17,0
DA:20,0
DA:22,0
DA:31,0
DA:32,0
DA:34,0
DA:36,0
DA:37,0
DA:40,0
DA:42,0
DA:51,0
DA:52,0
DA:54,0
DA:56,0
DA:58,0
DA:67,0
DA:68,0
DA:69,0
DA:71,0
DA:73,0
DA:74,0
DA:77,0
DA:79,0
DA:88,0
DA:89,0
DA:91,0
DA:93,0
DA:95,0
LF:33
LH:0
BRDA:16,0,0,0
BRDA:16,0,1,0
BRDA:36,1,0,0
BRDA:36,1,1,0
BRDA:73,2,0,0
BRDA:73,2,1,0
BRF:6
BRH:0
end_of_record
TN:
SF:src\modules\note\note.repo.ts
FN:5,(anonymous_0)
FN:9,(anonymous_1)
FN:15,(anonymous_2)
FN:19,(anonymous_3)
FN:26,(anonymous_4)
FNF:5
FNH:0
FNDA:0,(anonymous_0)
FNDA:0,(anonymous_1)
FNDA:0,(anonymous_2)
FNDA:0,(anonymous_3)
FNDA:0,(anonymous_4)
DA:2,0
DA:4,0
DA:6,0
DA:10,0
DA:16,0
DA:20,0
DA:27,0
LF:7
LH:0
BRF:0
BRH:0
end_of_record
TN:
SF:src\modules\note\note.routes.ts
FN:6,noteRoutes
FNF:1
FNH:0
FNDA:0,noteRoutes
DA:3,0
DA:6,0
DA:8,0
DA:11,0
DA:14,0
DA:17,0
DA:20,0
LF:7
LH:0
BRF:0
BRH:0
end_of_record
TN:
SF:src\modules\ritual\ritual.controller.ts
FN:12,(anonymous_0)
FN:28,(anonymous_1)
FN:48,(anonymous_2)
FN:64,(anonymous_3)
FN:81,(anonymous_4)
FN:99,(anonymous_5)
FN:116,(anonymous_6)
FNF:7
FNH:0
FNDA:0,(anonymous_0)
FNDA:0,(anonymous_1)
FNDA:0,(anonymous_2)
FNDA:0,(anonymous_3)
FNDA:0,(anonymous_4)
FNDA:0,(anonymous_5)
FNDA:0,(anonymous_6)
DA:4,0
DA:10,0
DA:13,0
DA:14,0
DA:15,0
DA:17,0
DA:18,0
DA:21,0
DA:23,0
DA:32,0
DA:33,0
DA:35,0
DA:37,0
DA:38,0
DA:41,0
DA:43,0
DA:52,0
DA:53,0
DA:55,0
DA:57,0
DA:59,0
DA:68,0
DA:69,0
DA:70,0
DA:72,0
DA:74,0
DA:76,0
DA:85,0
DA:86,0
DA:88,0
DA:90,0
DA:94,0
DA:103,0
DA:104,0
DA:105,0
DA:106,0
DA:107,0
DA:109,0
DA:111,0
DA:120,0
DA:121,0
DA:123,0
DA:129,0
DA:131,0
LF:44
LH:0
BRDA:17,0,0,0
BRDA:17,0,1,0
BRDA:37,1,0,0
BRDA:37,1,1,0
BRF:4
BRH:0
end_of_record
TN:
SF:src\modules\ritual\ritual.repo.ts
FN:8,(anonymous_0)
FN:15,(anonymous_1)
FN:27,(anonymous_2)
FN:35,(anonymous_3)
FN:53,(anonymous_4)
FN:60,(anonymous_5)
FN:71,(anonymous_6)
FN:84,(anonymous_7)
FN:106,(anonymous_8)
FN:119,(anonymous_9)
FN:136,(anonymous_10)
FNF:11
FNH:0
FNDA:0,(anonymous_0)
FNDA:0,(anonymous_1)
FNDA:0,(anonymous_2)
FNDA:0,(anonymous_3)
FNDA:0,(anonymous_4)
FNDA:0,(anonymous_5)
FNDA:0,(anonymous_6)
FNDA:0,(anonymous_7)
FNDA:0,(anonymous_8)
FNDA:0,(anonymous_9)
FNDA:0,(anonymous_10)
DA:2,0
DA:3,0
DA:5,0
DA:9,0
DA:19,0
DA:28,0
DA:40,0
DA:54,0
DA:64,0
DA:72,0
DA:93,0
DA:95,0
DA:106,0
DA:119,0
DA:141,0
DA:143,0
LF:16
LH:0
BRDA:93,0,0,0
BRDA:108,1,0,0
BRDA:108,1,1,0
BRDA:109,2,0,0
BRDA:109,2,1,0
BRDA:121,3,0,0
BRDA:121,3,1,0
BRDA:122,4,0,0
BRDA:122,4,1,0
BRDA:149,5,0,0
BRDA:149,5,1,0
BRF:11
BRH:0
end_of_record
TN:
SF:src\modules\ritual\ritual.routes.ts
FN:5,ritualRoutes
FNF:1
FNH:0
FNDA:0,ritualRoutes
DA:3,0
DA:5,0
DA:7,0
DA:10,0
DA:13,0
DA:16,0
DA:19,0
DA:22,0
DA:25,0
LF:9
LH:0
BRF:0
BRH:0
end_of_record
TN:
SF:src\modules\sound\sound.controller.ts
FN:12,(anonymous_0)
FN:27,(anonymous_1)
FN:47,(anonymous_2)
FN:68,(anonymous_3)
FN:92,(anonymous_4)
FNF:5
FNH:5
FNDA:2,(anonymous_0)
FNDA:2,(anonymous_1)
FNDA:1,(anonymous_2)
FNDA:2,(anonymous_3)
FNDA:2,(anonymous_4)
DA:4,1
DA:10,1
DA:13,2
DA:14,2
DA:16,2
DA:17,1
DA:20,1
DA:22,0
DA:31,2
DA:32,2
DA:34,2
DA:36,2
DA:37,1
DA:40,1
DA:42,0
DA:51,1
DA:52,1
DA:54,1
DA:56,1
DA:58,0
DA:61,1
DA:63,0
DA:75,2
DA:76,2
DA:77,2
DA:79,2
DA:81,2
DA:82,1
DA:85,1
DA:87,0
DA:96,2
DA:97,2
DA:99,2
DA:101,2
DA:102,1
DA:105,1
DA:107,0
LF:37
LH:31
BRDA:16,0,0,1
BRDA:16,0,1,1
BRDA:16,1,0,2
BRDA:16,1,1,2
BRDA:36,2,0,1
BRDA:36,2,1,1
BRDA:56,3,0,0
BRDA:56,3,1,1
BRDA:81,4,0,1
BRDA:81,4,1,1
BRDA:101,5,0,1
BRDA:101,5,1,1
BRF:12
BRH:11
end_of_record
TN:
SF:src\modules\sound\sound.repo.ts
FN:6,(anonymous_0)
FN:10,(anonymous_1)
FN:16,(anonymous_2)
FN:20,(anonymous_3)
FN:27,(anonymous_4)
FNF:5
FNH:0
FNDA:0,(anonymous_0)
FNDA:0,(anonymous_1)
FNDA:0,(anonymous_2)
FNDA:0,(anonymous_3)
FNDA:0,(anonymous_4)
DA:2,1
DA:4,1
DA:7,0
DA:11,0
DA:17,0
DA:21,0
DA:28,0
LF:7
LH:2
BRF:0
BRH:0
end_of_record
TN:
SF:src\modules\sound\sound.routes.ts
FN:5,soundRoutes
FNF:1
FNH:1
FNDA:1,soundRoutes
DA:3,1
DA:5,1
DA:6,1
DA:7,1
DA:8,1
DA:9,1
DA:10,1
LF:7
LH:7
BRF:0
BRH:0
end_of_record
TN:
SF:src\modules\user\user.controller.ts
FN:11,(anonymous_0)
FN:25,(anonymous_1)
FN:44,(anonymous_2)
FN:59,(anonymous_3)
FN:76,(anonymous_4)
FNF:5
FNH:5
FNDA:3,(anonymous_0)
FNDA:3,(anonymous_1)
FNDA:2,(anonymous_2)
FNDA:2,(anonymous_3)
FNDA:2,(anonymous_4)
DA:2,1
DA:9,1
DA:12,3
DA:13,3
DA:15,2
DA:16,1
DA:19,1
DA:21,1
DA:29,3
DA:30,3
DA:32,3
DA:34,2
DA:35,1
DA:38,1
DA:40,1
DA:48,2
DA:49,2
DA:51,2
DA:53,1
DA:55,1
DA:63,2
DA:64,2
DA:65,2
DA:67,2
DA:69,1
DA:72,1
DA:80,2
DA:81,2
DA:83,2
DA:85,1
DA:87,1
LF:31
LH:31
BRDA:15,0,0,1
BRDA:15,0,1,1
BRDA:15,1,0,2
BRDA:15,1,1,2
BRDA:34,2,0,1
BRDA:34,2,1,1
BRF:6
BRH:6
end_of_record
TN:
SF:src\modules\user\user.repo.ts
FN:6,(anonymous_0)
FN:10,(anonymous_1)
FN:18,(anonymous_2)
FN:22,(anonymous_3)
FN:30,(anonymous_4)
FNF:5
FNH:0
FNDA:0,(anonymous_0)
FNDA:0,(anonymous_1)
FNDA:0,(anonymous_2)
FNDA:0,(anonymous_3)
FNDA:0,(anonymous_4)
DA:2,1
DA:4,1
DA:7,0
DA:11,0
DA:19,0
DA:23,0
DA:31,0
LF:7
LH:2
BRF:0
BRH:0
end_of_record
TN:
SF:src\modules\user\user.routes.ts
FN:6,userRoutes
FNF:1
FNH:1
FNDA:1,userRoutes
DA:2,1
DA:3,1
DA:6,1
DA:7,1
DA:8,1
DA:9,1
DA:10,1
DA:11,1
LF:8
LH:8
BRF:0
BRH:0
end_of_record
TN:
SF:src\modules\user\user.schema.ts
FNF:0
FNH:0
DA:1,1
DA:4,1
DA:12,1
DA:46,1
LF:4
LH:4
BRF:0
BRH:0
end_of_record
